e:\poly\maitrise\inf8702 - charge de lab\a2016\tp4\tp4\debug\vc140.pdb
e:\poly\maitrise\inf8702 - charge de lab\a2016\tp4\tp4\debug\vc140.idb
e:\poly\maitrise\inf8702 - charge de lab\a2016\tp4\tp4\debug\cst.obj
e:\poly\maitrise\inf8702 - charge de lab\a2016\tp4\tp4\debug\fbo.obj
e:\poly\maitrise\inf8702 - charge de lab\a2016\tp4\tp4\debug\gazon.obj
e:\poly\maitrise\inf8702 - charge de lab\a2016\tp4\tp4\debug\grillequads.obj
e:\poly\maitrise\inf8702 - charge de lab\a2016\tp4\tp4\debug\lumiere.obj
e:\poly\maitrise\inf8702 - charge de lab\a2016\tp4\tp4\debug\main.obj
e:\poly\maitrise\inf8702 - charge de lab\a2016\tp4\tp4\debug\materiau.obj
e:\poly\maitrise\inf8702 - charge de lab\a2016\tp4\tp4\debug\modele3dabstrait.obj
e:\poly\maitrise\inf8702 - charge de lab\a2016\tp4\tp4\debug\modele3dobj.obj
e:\poly\maitrise\inf8702 - charge de lab\a2016\tp4\tp4\debug\nuanceurprog.obj
e:\poly\maitrise\inf8702 - charge de lab\a2016\tp4\tp4\debug\skybox.obj
e:\poly\maitrise\inf8702 - charge de lab\a2016\tp4\tp4\debug\surfacebsplinaire.obj
e:\poly\maitrise\inf8702 - charge de lab\a2016\tp4\tp4\debug\texture2d.obj
e:\poly\maitrise\inf8702 - charge de lab\a2016\tp4\tp4\debug\textureabstraite.obj
e:\poly\maitrise\inf8702 - charge de lab\a2016\tp4\tp4\debug\texturecubemap.obj
e:\poly\maitrise\inf8702 - charge de lab\a2016\tp4\tp4\debug\var.obj
e:\poly\maitrise\inf8702 - charge de lab\a2016\tp4\tp4\debug\noise.obj
e:\poly\maitrise\inf8702 - charge de lab\a2016\tp4\tp4\debug\textfile.obj
e:\poly\maitrise\inf8702 - charge de lab\a2016\tp4\tp4\debug\tp4.ilk
e:\poly\maitrise\inf8702 - charge de lab\a2016\tp4\tp4\debug\tp4.exe
e:\poly\maitrise\inf8702 - charge de lab\a2016\tp4\tp4\debug\tp4.pdb
e:\poly\maitrise\inf8702 - charge de lab\a2016\tp4\tp4\debug\objparser.pdb
e:\poly\maitrise\inf8702 - charge de lab\a2016\tp4\tp4\debug\tp4.tlog\cl.command.1.tlog
e:\poly\maitrise\inf8702 - charge de lab\a2016\tp4\tp4\debug\tp4.tlog\cl.read.1.tlog
e:\poly\maitrise\inf8702 - charge de lab\a2016\tp4\tp4\debug\tp4.tlog\cl.write.1.tlog
e:\poly\maitrise\inf8702 - charge de lab\a2016\tp4\tp4\debug\tp4.tlog\link.command.1.tlog
e:\poly\maitrise\inf8702 - charge de lab\a2016\tp4\tp4\debug\tp4.tlog\link.read.1.tlog
e:\poly\maitrise\inf8702 - charge de lab\a2016\tp4\tp4\debug\tp4.tlog\link.write.1.tlog
